 - refactor(ui): update feature #167
 - feat(db): update feature #167
 - chore(db): update feature #215
 - feat(core): update feature #308
 - docs(config): improve feature #308
 - test(auth): optimize feature #287
 - fix(ui): add feature #287
 - chore(config): add feature #262
 - test(ui): improve feature #262
 - chore(ui): update feature #228
 - chore(core): handle feature #228
 - fix(api): remove feature #205
 - refactor(db): remove feature #119
 - docs(config): remove feature #119
 - fix(auth): remove feature #457
 - docs(auth): improve feature #184
2025-01-01 13:51:00 +0700 - chore(db): improve feature #342
2025-01-02 16:54:00 +0700 - feat(db): optimize feature #402
2025-01-02 10:17:00 +0700 - feat(config): add feature #402
2025-01-03 13:3:00 +0700 - docs(config): add feature #162
2025-01-03 15:54:00 +0700 - chore(api): update feature #162
2025-01-04 14:58:00 +0700 - docs(db): handle feature #390
2025-01-04 15:56:00 +0700 - test(auth): optimize feature #390
